<?xml version="1.0" encoding="UTF-8"?>
<testng-results skipped="0" failed="0" total="1" passed="1">
  <reporter-output>
  </reporter-output>
  <suite name="Default suite" duration-ms="69" started-at="2020-05-10T22:09:04Z" finished-at="2020-05-10T22:09:05Z">
    <groups>
    </groups>
    <test name="Default test" duration-ms="69" started-at="2020-05-10T22:09:04Z" finished-at="2020-05-10T22:09:05Z">
      <class name="com.clarivate.unittests.Test3">
        <test-method status="PASS" signature="b()[pri:0, instance:com.clarivate.unittests.Test3@1b52d12]" name="b" duration-ms="43" started-at="2020-05-10T22:09:04Z" finished-at="2020-05-10T22:09:05Z">
        </test-method> <!-- b -->
      </class> <!-- com.clarivate.unittests.Test3 -->
    </test> <!-- Default test -->
  </suite> <!-- Default suite -->
</testng-results>
